[debug] [2023-01-13T20:25:52.952Z] ----------------------------------------------------------------------
[debug] [2023-01-13T20:25:52.953Z] Command:       /Users/vinnie/.nvm/versions/node/v19.4.0/bin/node /Users/vinnie/.nvm/versions/node/v19.4.0/bin/firebase init
[debug] [2023-01-13T20:25:52.953Z] CLI Version:   11.20.0
[debug] [2023-01-13T20:25:52.953Z] Platform:      darwin
[debug] [2023-01-13T20:25:52.953Z] Node Version:  v19.4.0
[debug] [2023-01-13T20:25:52.953Z] Time:          Fri Jan 13 2023 14:25:52 GMT-0600 (Central Standard Time)
[debug] [2023-01-13T20:25:52.953Z] ----------------------------------------------------------------------
[debug] 
[debug] [2023-01-13T20:25:52.956Z] > command requires scopes: ["email","openid","https://www.googleapis.com/auth/cloudplatformprojects.readonly","https://www.googleapis.com/auth/firebase","https://www.googleapis.com/auth/cloud-platform"]
[debug] [2023-01-13T20:25:52.956Z] > authorizing via signed-in user (b.vinhan01@gmail.com)
[info] 
     ######## #### ########  ######## ########     ###     ######  ########
     ##        ##  ##     ## ##       ##     ##  ##   ##  ##       ##
     ######    ##  ########  ######   ########  #########  ######  ######
     ##        ##  ##    ##  ##       ##     ## ##     ##       ## ##
     ##       #### ##     ## ######## ########  ##     ##  ######  ########

You're about to initialize a Firebase project in this directory:

  /Users/vinnie/Desktop/Scribbly Firebase Functions

[info] 
=== Project Setup
[info] 
[info] First, let's associate this project directory with a Firebase project.
[info] You can create multiple project aliases by running firebase use --add, 
[info] but for now we'll just set up a default project.
[info] 
[info] i  If you want to create a project in a Google Cloud organization or folder, please use "firebase projects:create" instead, and return to this command when you've created the project. 
[debug] [2023-01-13T20:27:05.187Z] >>> [apiv2][query] POST https://cloudresourcemanager.googleapis.com/v1/projects [none]
[debug] [2023-01-13T20:27:05.187Z] >>> [apiv2][body] POST https://cloudresourcemanager.googleapis.com/v1/projects {"projectId":"Scribbly","name":"Scribbly"}
[debug] [2023-01-13T20:27:05.400Z] <<< [apiv2][status] POST https://cloudresourcemanager.googleapis.com/v1/projects 400
[debug] [2023-01-13T20:27:05.401Z] <<< [apiv2][body] POST https://cloudresourcemanager.googleapis.com/v1/projects {"error":{"code":400,"message":"field [project_id] has issue [project_id contains invalid characters]","status":"INVALID_ARGUMENT","details":[{"@type":"type.googleapis.com/google.rpc.BadRequest","fieldViolations":[{"field":"project_id","description":"project_id contains invalid characters"}]},{"@type":"type.googleapis.com/google.rpc.Help","links":[{"url":"https://cloud.google.com/resource-manager/reference/rest/v1/projects"}]}]}}
[debug] [2023-01-13T20:27:06.117Z] FirebaseError: HTTP Error: 400, field [project_id] has issue [project_id contains invalid characters]
    at responseToError (/Users/vinnie/.nvm/versions/node/v19.4.0/lib/node_modules/firebase-tools/lib/responseToError.js:49:12)
    at RetryOperation._fn (/Users/vinnie/.nvm/versions/node/v19.4.0/lib/node_modules/firebase-tools/lib/apiv2.js:288:77)
    at process.processTicksAndRejections (node:internal/process/task_queues:95:5)
[error] 
[error] Error: Failed to create project. See firebase-debug.log for more info.
